2015-11-07 09:19:14,647 - [INFO] - from play in pool-8-thread-3 
Listening for HTTP on /0:0:0:0:0:0:0:0:9000

2015-11-07 09:28:58,123 - [INFO] - from play in play-internal-execution-context-1 
Application started (Dev)

2015-11-07 10:23:22,368 - [ERROR] - from application in New I/O worker #5 


! @6o3k3cki1 - Internal server error, for (GET) [/] ->

play.PlayExceptions$CompilationException: Compilation error[Cannot find an implicit ExecutionContext. You might pass
an (implicit ec: ExecutionContext) parameter to your method
or import scala.concurrent.ExecutionContext.Implicits.global.]
	at play.PlayExceptions$CompilationException$.apply(PlayExceptions.scala:27) ~[na:na]
	at play.PlayExceptions$CompilationException$.apply(PlayExceptions.scala:27) ~[na:na]
	at scala.Option.map(Option.scala:145) ~[scala-library-2.11.6.jar:na]
	at play.PlayReloader$$anon$1$$anonfun$play$PlayReloader$$anon$$taskFailureHandler$1.apply(PlayReloader.scala:235) ~[na:na]
	at play.PlayReloader$$anon$1$$anonfun$play$PlayReloader$$anon$$taskFailureHandler$1.apply(PlayReloader.scala:230) ~[na:na]
	at scala.Option.map(Option.scala:145) ~[scala-library-2.11.6.jar:na]
	at play.PlayReloader$$anon$1.play$PlayReloader$$anon$$taskFailureHandler(PlayReloader.scala:230) ~[na:na]
	at play.PlayReloader$$anon$1$$anonfun$reload$3$$anonfun$apply$4.apply(PlayReloader.scala:97) ~[na:na]
	at play.PlayReloader$$anon$1$$anonfun$reload$3$$anonfun$apply$4.apply(PlayReloader.scala:97) ~[na:na]
	at scala.util.Either$LeftProjection.map(Either.scala:377) ~[scala-library-2.11.6.jar:na]
	at play.PlayReloader$$anon$1$$anonfun$reload$3.apply(PlayReloader.scala:97) ~[na:na]
	at play.PlayReloader$$anon$1$$anonfun$reload$3.apply(PlayReloader.scala:91) ~[na:na]
	at scala.util.Either$RightProjection.map(Either.scala:536) ~[scala-library-2.11.6.jar:na]
	at play.PlayReloader$$anon$1.reload(PlayReloader.scala:91) ~[na:na]
	at play.core.ReloadableApplication$$anonfun$get$1.apply(ApplicationProvider.scala:122) ~[play_2.11-2.3.7.jar:2.3.7]
	at play.core.ReloadableApplication$$anonfun$get$1.apply(ApplicationProvider.scala:120) ~[play_2.11-2.3.7.jar:2.3.7]
	at scala.concurrent.impl.Future$PromiseCompletingRunnable.liftedTree1$1(Future.scala:24) ~[scala-library-2.11.6.jar:na]
	at scala.concurrent.impl.Future$PromiseCompletingRunnable.run(Future.scala:24) ~[scala-library-2.11.6.jar:na]
	at scala.concurrent.forkjoin.ForkJoinTask$AdaptedRunnableAction.exec(ForkJoinTask.java:1361) ~[scala-library-2.11.6.jar:na]
	at scala.concurrent.forkjoin.ForkJoinTask.doExec(ForkJoinTask.java:260) ~[scala-library-2.11.6.jar:na]
	at scala.concurrent.forkjoin.ForkJoinPool$WorkQueue.runTask(ForkJoinPool.java:1339) ~[scala-library-2.11.6.jar:na]
	at scala.concurrent.forkjoin.ForkJoinPool.runWorker(ForkJoinPool.java:1979) ~[scala-library-2.11.6.jar:na]
	at scala.concurrent.forkjoin.ForkJoinWorkerThread.run(ForkJoinWorkerThread.java:107) ~[scala-library-2.11.6.jar:na]

2015-11-07 10:24:31,538 - [INFO] - from play in play-internal-execution-context-1 
Application started (Dev)

